# JRE version: OpenJDK Runtime Environment (11.0.13) (build 11.0.13+0-b1751.21-8125866)
# Java VM: OpenJDK 64-Bit Server VM (11.0.13+0-b1751.21-8125866, mixed mode, tiered, compressed oops, g1 gc, windows-amd64)
Heap:
 garbage-first heap   total 131072K, used 110957K [0x00000000c0000000, 0x0000000100000000)
  region size 1024K, 10 young (10240K), 1 survivors (1024K)
 Metaspace       used 79717K, capacity 81428K, committed 81536K, reserved 1120256K
  class space    used 9807K, capacity 10343K, committed 10368K, reserved 1048576K
GC Heap History (20 events):
Event: 33.085 GC heap before
{Heap before GC invocations=20 (full 0):
 garbage-first heap   total 131072K, used 104414K [0x00000000c0000000, 0x0000000100000000)
  region size 1024K, 37 young (37888K), 4 survivors (4096K)
 Metaspace       used 67978K, capacity 69463K, committed 69632K, reserved 1110016K
  class space    used 8394K, capacity 8852K, committed 8960K, reserved 1048576K
}
Event: 33.105 GC heap after
{Heap after GC invocations=21 (full 0):
 garbage-first heap   total 131072K, used 71934K [0x00000000c0000000, 0x0000000100000000)
  region size 1024K, 2 young (2048K), 2 survivors (2048K)
 Metaspace       used 67978K, capacity 69463K, committed 69632K, reserved 1110016K
  class space    used 8394K, capacity 8852K, committed 8960K, reserved 1048576K
}
Event: 34.924 GC heap before
{Heap before GC invocations=22 (full 0):
 garbage-first heap   total 131072K, used 105726K [0x00000000c0000000, 0x0000000100000000)
  region size 1024K, 35 young (35840K), 2 survivors (2048K)
 Metaspace       used 70558K, capacity 72201K, committed 72448K, reserved 1112064K
  class space    used 8700K, capacity 9214K, committed 9216K, reserved 1048576K
}
Event: 34.931 GC heap after
{Heap after GC invocations=23 (full 0):
 garbage-first heap   total 131072K, used 72622K [0x00000000c0000000, 0x0000000100000000)
  region size 1024K, 2 young (2048K), 2 survivors (2048K)
 Metaspace       used 70558K, capacity 72201K, committed 72448K, reserved 1112064K
  class space    used 8700K, capacity 9214K, committed 9216K, reserved 1048576K
}
Event: 36.002 GC heap before
{Heap before GC invocations=23 (full 0):
 garbage-first heap   total 131072K, used 107438K [0x00000000c0000000, 0x0000000100000000)
  region size 1024K, 36 young (36864K), 2 survivors (2048K)
 Metaspace       used 74485K, capacity 76052K, committed 76160K, reserved 1116160K
  class space    used 9260K, capacity 9791K, committed 9856K, reserved 1048576K
}
Event: 36.014 GC heap after
{Heap after GC invocations=24 (full 0):
 garbage-first heap   total 131072K, used 74669K [0x00000000c0000000, 0x0000000100000000)
  region size 1024K, 4 young (4096K), 4 survivors (4096K)
 Metaspace       used 74485K, capacity 76052K, committed 76160K, reserved 1116160K
  class space    used 9260K, capacity 9791K, committed 9856K, reserved 1048576K
}
Event: 36.267 GC heap before
{Heap before GC invocations=25 (full 0):
 garbage-first heap   total 131072K, used 98221K [0x00000000c0000000, 0x0000000100000000)
  region size 1024K, 16 young (16384K), 4 survivors (4096K)
 Metaspace       used 75488K, capacity 77150K, committed 77312K, reserved 1116160K
  class space    used 9406K, capacity 9924K, committed 9984K, reserved 1048576K
}
Event: 36.277 GC heap after
{Heap after GC invocations=26 (full 0):
 garbage-first heap   total 131072K, used 90392K [0x00000000c0000000, 0x0000000100000000)
  region size 1024K, 5 young (5120K), 5 survivors (5120K)
 Metaspace       used 75488K, capacity 77150K, committed 77312K, reserved 1116160K
  class space    used 9406K, capacity 9924K, committed 9984K, reserved 1048576K
}
Event: 52.137 GC heap before
{Heap before GC invocations=27 (full 0):
 garbage-first heap   total 131072K, used 112920K [0x00000000c0000000, 0x0000000100000000)
  region size 1024K, 21 young (21504K), 5 survivors (5120K)
 Metaspace       used 76396K, capacity 78151K, committed 78464K, reserved 1118208K
  class space    used 9503K, capacity 10046K, committed 10112K, reserved 1048576K
}
Event: 52.146 GC heap after
{Heap after GC invocations=28 (full 0):
 garbage-first heap   total 131072K, used 99620K [0x00000000c0000000, 0x0000000100000000)
  region size 1024K, 3 young (3072K), 3 survivors (3072K)
 Metaspace       used 76396K, capacity 78151K, committed 78464K, reserved 1118208K
  class space    used 9503K, capacity 10046K, committed 10112K, reserved 1048576K
}
Event: 57.471 GC heap before
{Heap before GC invocations=28 (full 0):
 garbage-first heap   total 131072K, used 111908K [0x00000000c0000000, 0x0000000100000000)
  region size 1024K, 15 young (15360K), 3 survivors (3072K)
 Metaspace       used 76914K, capacity 78637K, committed 78720K, reserved 1118208K
  class space    used 9550K, capacity 10080K, committed 10112K, reserved 1048576K
}
Event: 57.477 GC heap after
{Heap after GC invocations=29 (full 0):
 garbage-first heap   total 131072K, used 100915K [0x00000000c0000000, 0x0000000100000000)
  region size 1024K, 1 young (1024K), 1 survivors (1024K)
 Metaspace       used 76914K, capacity 78637K, committed 78720K, reserved 1118208K
  class space    used 9550K, capacity 10080K, committed 10112K, reserved 1048576K
}
Event: 57.840 GC heap before
{Heap before GC invocations=30 (full 0):
 garbage-first heap   total 131072K, used 112179K [0x00000000c0000000, 0x0000000100000000)
  region size 1024K, 12 young (12288K), 1 survivors (1024K)
 Metaspace       used 77172K, capacity 78992K, committed 79360K, reserved 1118208K
  class space    used 9582K, capacity 10113K, committed 10240K, reserved 1048576K
}
Event: 57.846 GC heap after
{Heap after GC invocations=31 (full 0):
 garbage-first heap   total 131072K, used 101115K [0x00000000c0000000, 0x0000000100000000)
  region size 1024K, 2 young (2048K), 2 survivors (2048K)
 Metaspace       used 77172K, capacity 78992K, committed 79360K, reserved 1118208K
  class space    used 9582K, capacity 10113K, committed 10240K, reserved 1048576K
}
Event: 58.012 GC heap before
{Heap before GC invocations=31 (full 0):
 garbage-first heap   total 131072K, used 112379K [0x00000000c0000000, 0x0000000100000000)
  region size 1024K, 13 young (13312K), 2 survivors (2048K)
 Metaspace       used 77529K, capacity 79344K, committed 79616K, reserved 1118208K
  class space    used 9618K, capacity 10145K, committed 10240K, reserved 1048576K
}
Event: 58.015 GC heap after
{Heap after GC invocations=32 (full 0):
 garbage-first heap   total 131072K, used 101115K [0x00000000c0000000, 0x0000000100000000)
  region size 1024K, 1 young (1024K), 1 survivors (1024K)
 Metaspace       used 77529K, capacity 79344K, committed 79616K, reserved 1118208K
  class space    used 9618K, capacity 10145K, committed 10240K, reserved 1048576K
}
Event: 58.211 GC heap before
{Heap before GC invocations=32 (full 0):
 garbage-first heap   total 131072K, used 112379K [0x00000000c0000000, 0x0000000100000000)
  region size 1024K, 12 young (12288K), 1 survivors (1024K)
 Metaspace       used 77870K, capacity 79664K, committed 79872K, reserved 1118208K
  class space    used 9666K, capacity 10209K, committed 10240K, reserved 1048576K
}
Event: 58.214 GC heap after
{Heap after GC invocations=33 (full 0):
 garbage-first heap   total 131072K, used 101372K [0x00000000c0000000, 0x0000000100000000)
  region size 1024K, 1 young (1024K), 1 survivors (1024K)
 Metaspace       used 77870K, capacity 79664K, committed 79872K, reserved 1118208K
  class space    used 9666K, capacity 10209K, committed 10240K, reserved 1048576K
}
Event: 58.576 GC heap before
{Heap before GC invocations=34 (full 0):
 garbage-first heap   total 131072K, used 108540K [0x00000000c0000000, 0x0000000100000000)
  region size 1024K, 10 young (10240K), 1 survivors (1024K)
 Metaspace       used 78420K, capacity 80244K, committed 80512K, reserved 1120256K
  class space    used 9718K, capacity 10247K, committed 10368K, reserved 1048576K
}
Event: 58.582 GC heap after
{Heap after GC invocations=35 (full 0):
 garbage-first heap   total 131072K, used 101741K [0x00000000c0000000, 0x0000000100000000)
  region size 1024K, 1 young (1024K), 1 survivors (1024K)
 Metaspace       used 78420K, capacity 80244K, committed 80512K, reserved 1120256K
  class space    used 9718K, capacity 10247K, committed 10368K, reserved 1048576K
}

