# JRE version: OpenJDK Runtime Environment (11.0.13) (build 11.0.13+0-b1751.21-8125866)
# Java VM: OpenJDK 64-Bit Server VM (11.0.13+0-b1751.21-8125866, mixed mode, tiered, compressed oops, g1 gc, windows-amd64)
Heap:
 garbage-first heap   total 165888K, used 139843K [0x00000000c0000000, 0x0000000100000000)
  region size 1024K, 9 young (9216K), 2 survivors (2048K)
 Metaspace       used 98386K, capacity 100552K, committed 100736K, reserved 1136640K
  class space    used 11843K, capacity 12552K, committed 12672K, reserved 1048576K
GC Heap History (20 events):
Event: 37.844 GC heap before
{Heap before GC invocations=76 (full 0):
 garbage-first heap   total 165888K, used 139243K [0x00000000c0000000, 0x0000000100000000)
  region size 1024K, 26 young (26624K), 1 survivors (1024K)
 Metaspace       used 90843K, capacity 92993K, committed 93184K, reserved 1130496K
  class space    used 10983K, capacity 11676K, committed 11776K, reserved 1048576K
}
Event: 37.845 GC heap after
{Heap after GC invocations=77 (full 0):
 garbage-first heap   total 165888K, used 113752K [0x00000000c0000000, 0x0000000100000000)
  region size 1024K, 1 young (1024K), 1 survivors (1024K)
 Metaspace       used 90843K, capacity 92993K, committed 93184K, reserved 1130496K
  class space    used 10983K, capacity 11676K, committed 11776K, reserved 1048576K
}
Event: 37.971 GC heap before
{Heap before GC invocations=77 (full 0):
 garbage-first heap   total 165888K, used 139352K [0x00000000c0000000, 0x0000000100000000)
  region size 1024K, 26 young (26624K), 1 survivors (1024K)
 Metaspace       used 90843K, capacity 92993K, committed 93184K, reserved 1130496K
  class space    used 10983K, capacity 11676K, committed 11776K, reserved 1048576K
}
Event: 37.973 GC heap after
{Heap after GC invocations=78 (full 0):
 garbage-first heap   total 165888K, used 113894K [0x00000000c0000000, 0x0000000100000000)
  region size 1024K, 1 young (1024K), 1 survivors (1024K)
 Metaspace       used 90843K, capacity 92993K, committed 93184K, reserved 1130496K
  class space    used 10983K, capacity 11676K, committed 11776K, reserved 1048576K
}
Event: 38.155 GC heap before
{Heap before GC invocations=78 (full 0):
 garbage-first heap   total 165888K, used 140518K [0x00000000c0000000, 0x0000000100000000)
  region size 1024K, 27 young (27648K), 1 survivors (1024K)
 Metaspace       used 90845K, capacity 92993K, committed 93184K, reserved 1130496K
  class space    used 10983K, capacity 11676K, committed 11776K, reserved 1048576K
}
Event: 38.160 GC heap after
{Heap after GC invocations=79 (full 0):
 garbage-first heap   total 165888K, used 113960K [0x00000000c0000000, 0x0000000100000000)
  region size 1024K, 1 young (1024K), 1 survivors (1024K)
 Metaspace       used 90845K, capacity 92993K, committed 93184K, reserved 1130496K
  class space    used 10983K, capacity 11676K, committed 11776K, reserved 1048576K
}
Event: 38.339 GC heap before
{Heap before GC invocations=80 (full 0):
 garbage-first heap   total 165888K, used 140584K [0x00000000c0000000, 0x0000000100000000)
  region size 1024K, 27 young (27648K), 1 survivors (1024K)
 Metaspace       used 90846K, capacity 92993K, committed 93184K, reserved 1130496K
  class space    used 10983K, capacity 11676K, committed 11776K, reserved 1048576K
}
Event: 38.341 GC heap after
{Heap after GC invocations=81 (full 0):
 garbage-first heap   total 165888K, used 114086K [0x00000000c0000000, 0x0000000100000000)
  region size 1024K, 1 young (1024K), 1 survivors (1024K)
 Metaspace       used 90846K, capacity 92993K, committed 93184K, reserved 1130496K
  class space    used 10983K, capacity 11676K, committed 11776K, reserved 1048576K
}
Event: 38.473 GC heap before
{Heap before GC invocations=81 (full 0):
 garbage-first heap   total 165888K, used 141734K [0x00000000c0000000, 0x0000000100000000)
  region size 1024K, 28 young (28672K), 1 survivors (1024K)
 Metaspace       used 90846K, capacity 92993K, committed 93184K, reserved 1130496K
  class space    used 10983K, capacity 11676K, committed 11776K, reserved 1048576K
}
Event: 38.475 GC heap after
{Heap after GC invocations=82 (full 0):
 garbage-first heap   total 165888K, used 114282K [0x00000000c0000000, 0x0000000100000000)
  region size 1024K, 1 young (1024K), 1 survivors (1024K)
 Metaspace       used 90846K, capacity 92993K, committed 93184K, reserved 1130496K
  class space    used 10983K, capacity 11676K, committed 11776K, reserved 1048576K
}
Event: 39.845 GC heap before
{Heap before GC invocations=83 (full 0):
 garbage-first heap   total 165888K, used 141930K [0x00000000c0000000, 0x0000000100000000)
  region size 1024K, 28 young (28672K), 1 survivors (1024K)
 Metaspace       used 93007K, capacity 95185K, committed 95488K, reserved 1132544K
  class space    used 11260K, capacity 11960K, committed 12032K, reserved 1048576K
}
Event: 39.849 GC heap after
{Heap after GC invocations=84 (full 0):
 garbage-first heap   total 165888K, used 115098K [0x00000000c0000000, 0x0000000100000000)
  region size 1024K, 2 young (2048K), 2 survivors (2048K)
 Metaspace       used 93007K, capacity 95185K, committed 95488K, reserved 1132544K
  class space    used 11260K, capacity 11960K, committed 12032K, reserved 1048576K
}
Event: 40.437 GC heap before
{Heap before GC invocations=84 (full 0):
 garbage-first heap   total 165888K, used 142746K [0x00000000c0000000, 0x0000000100000000)
  region size 1024K, 29 young (29696K), 2 survivors (2048K)
 Metaspace       used 97236K, capacity 99501K, committed 99584K, reserved 1136640K
  class space    used 11760K, capacity 12485K, committed 12544K, reserved 1048576K
}
Event: 40.452 GC heap after
{Heap after GC invocations=85 (full 0):
 garbage-first heap   total 165888K, used 118938K [0x00000000c0000000, 0x0000000100000000)
  region size 1024K, 4 young (4096K), 4 survivors (4096K)
 Metaspace       used 97236K, capacity 99501K, committed 99584K, reserved 1136640K
  class space    used 11760K, capacity 12485K, committed 12544K, reserved 1048576K
}
Event: 41.170 GC heap before
{Heap before GC invocations=86 (full 0):
 garbage-first heap   total 165888K, used 152730K [0x00000000c0000000, 0x0000000100000000)
  region size 1024K, 27 young (27648K), 4 survivors (4096K)
 Metaspace       used 97951K, capacity 100105K, committed 100352K, reserved 1136640K
  class space    used 11829K, capacity 12514K, committed 12544K, reserved 1048576K
}
Event: 41.184 GC heap after
{Heap after GC invocations=87 (full 0):
 garbage-first heap   total 165888K, used 129461K [0x00000000c0000000, 0x0000000100000000)
  region size 1024K, 4 young (4096K), 4 survivors (4096K)
 Metaspace       used 97951K, capacity 100105K, committed 100352K, reserved 1136640K
  class space    used 11829K, capacity 12514K, committed 12544K, reserved 1048576K
}
Event: 41.237 GC heap before
{Heap before GC invocations=87 (full 0):
 garbage-first heap   total 165888K, used 133557K [0x00000000c0000000, 0x0000000100000000)
  region size 1024K, 8 young (8192K), 4 survivors (4096K)
 Metaspace       used 98036K, capacity 100268K, committed 100480K, reserved 1136640K
  class space    used 11834K, capacity 12547K, committed 12672K, reserved 1048576K
}
Event: 41.247 GC heap after
{Heap after GC invocations=88 (full 0):
 garbage-first heap   total 165888K, used 130356K [0x00000000c0000000, 0x0000000100000000)
  region size 1024K, 1 young (1024K), 1 survivors (1024K)
 Metaspace       used 98036K, capacity 100268K, committed 100480K, reserved 1136640K
  class space    used 11834K, capacity 12547K, committed 12672K, reserved 1048576K
}
Event: 41.438 GC heap before
{Heap before GC invocations=88 (full 0):
 garbage-first heap   total 165888K, used 141620K [0x00000000c0000000, 0x0000000100000000)
  region size 1024K, 12 young (12288K), 1 survivors (1024K)
 Metaspace       used 98302K, capacity 100482K, committed 100736K, reserved 1136640K
  class space    used 11843K, capacity 12552K, committed 12672K, reserved 1048576K
}
Event: 41.449 GC heap after
{Heap after GC invocations=89 (full 0):
 garbage-first heap   total 165888K, used 133699K [0x00000000c0000000, 0x0000000100000000)
  region size 1024K, 2 young (2048K), 2 survivors (2048K)
 Metaspace       used 98302K, capacity 100482K, committed 100736K, reserved 1136640K
  class space    used 11843K, capacity 12552K, committed 12672K, reserved 1048576K
}

