# JRE version: OpenJDK Runtime Environment (11.0.13) (build 11.0.13+0-b1751.21-8125866)
# Java VM: OpenJDK 64-Bit Server VM (11.0.13+0-b1751.21-8125866, mixed mode, tiered, compressed oops, g1 gc, windows-amd64)
Heap:
 garbage-first heap   total 260096K, used 243855K [0x00000000c0000000, 0x0000000100000000)
  region size 1024K, 23 young (23552K), 2 survivors (2048K)
 Metaspace       used 90797K, capacity 92802K, committed 92928K, reserved 1130496K
  class space    used 11210K, capacity 11923K, committed 12032K, reserved 1048576K
GC Heap History (20 events):
Event: 29.555 GC heap before
{Heap before GC invocations=38 (full 0):
 garbage-first heap   total 137216K, used 123221K [0x00000000c0000000, 0x0000000100000000)
  region size 1024K, 6 young (6144K), 1 survivors (1024K)
 Metaspace       used 87691K, capacity 89544K, committed 89728K, reserved 1128448K
  class space    used 10892K, capacity 11530K, committed 11648K, reserved 1048576K
}
Event: 29.572 GC heap after
{Heap after GC invocations=39 (full 0):
 garbage-first heap   total 164864K, used 122772K [0x00000000c0000000, 0x0000000100000000)
  region size 1024K, 1 young (1024K), 1 survivors (1024K)
 Metaspace       used 87691K, capacity 89544K, committed 89728K, reserved 1128448K
  class space    used 10892K, capacity 11530K, committed 11648K, reserved 1048576K
}
Event: 30.087 GC heap before
{Heap before GC invocations=40 (full 0):
 garbage-first heap   total 164864K, used 133012K [0x00000000c0000000, 0x0000000100000000)
  region size 1024K, 12 young (12288K), 1 survivors (1024K)
 Metaspace       used 87839K, capacity 89683K, committed 89984K, reserved 1128448K
  class space    used 10897K, capacity 11531K, committed 11648K, reserved 1048576K
}
Event: 30.108 GC heap after
{Heap after GC invocations=41 (full 0):
 garbage-first heap   total 164864K, used 127256K [0x00000000c0000000, 0x0000000100000000)
  region size 1024K, 2 young (2048K), 2 survivors (2048K)
 Metaspace       used 87839K, capacity 89683K, committed 89984K, reserved 1128448K
  class space    used 10897K, capacity 11531K, committed 11648K, reserved 1048576K
}
Event: 30.269 GC heap before
{Heap before GC invocations=41 (full 0):
 garbage-first heap   total 164864K, used 135448K [0x00000000c0000000, 0x0000000100000000)
  region size 1024K, 10 young (10240K), 2 survivors (2048K)
 Metaspace       used 87901K, capacity 89749K, committed 89984K, reserved 1128448K
  class space    used 10897K, capacity 11531K, committed 11648K, reserved 1048576K
}
Event: 30.291 GC heap after
{Heap after GC invocations=42 (full 0):
 garbage-first heap   total 164864K, used 132096K [0x00000000c0000000, 0x0000000100000000)
  region size 1024K, 2 young (2048K), 2 survivors (2048K)
 Metaspace       used 87901K, capacity 89749K, committed 89984K, reserved 1128448K
  class space    used 10897K, capacity 11531K, committed 11648K, reserved 1048576K
}
Event: 31.093 GC heap before
{Heap before GC invocations=43 (full 0):
 garbage-first heap   total 164864K, used 137216K [0x00000000c0000000, 0x0000000100000000)
  region size 1024K, 8 young (8192K), 2 survivors (2048K)
 Metaspace       used 87916K, capacity 89755K, committed 89984K, reserved 1128448K
  class space    used 10897K, capacity 11531K, committed 11648K, reserved 1048576K
}
Event: 31.104 GC heap after
{Heap after GC invocations=44 (full 0):
 garbage-first heap   total 164864K, used 133760K [0x00000000c0000000, 0x0000000100000000)
  region size 1024K, 1 young (1024K), 1 survivors (1024K)
 Metaspace       used 87916K, capacity 89755K, committed 89984K, reserved 1128448K
  class space    used 10897K, capacity 11531K, committed 11648K, reserved 1048576K
}
Event: 31.278 GC heap before
{Heap before GC invocations=44 (full 0):
 garbage-first heap   total 164864K, used 140928K [0x00000000c0000000, 0x0000000100000000)
  region size 1024K, 8 young (8192K), 1 survivors (1024K)
 Metaspace       used 87940K, capacity 89819K, committed 89984K, reserved 1128448K
  class space    used 10897K, capacity 11531K, committed 11648K, reserved 1048576K
}
Event: 31.300 GC heap after
{Heap after GC invocations=45 (full 0):
 garbage-first heap   total 212992K, used 132688K [0x00000000c0000000, 0x0000000100000000)
  region size 1024K, 1 young (1024K), 1 survivors (1024K)
 Metaspace       used 87940K, capacity 89819K, committed 89984K, reserved 1128448K
  class space    used 10897K, capacity 11531K, committed 11648K, reserved 1048576K
}
Event: 31.488 GC heap before
{Heap before GC invocations=45 (full 0):
 garbage-first heap   total 212992K, used 157264K [0x00000000c0000000, 0x0000000100000000)
  region size 1024K, 24 young (24576K), 1 survivors (1024K)
 Metaspace       used 87982K, capacity 89822K, committed 89984K, reserved 1128448K
  class space    used 10897K, capacity 11531K, committed 11648K, reserved 1048576K
}
Event: 31.500 GC heap after
{Heap after GC invocations=46 (full 0):
 garbage-first heap   total 212992K, used 139264K [0x00000000c0000000, 0x0000000100000000)
  region size 1024K, 3 young (3072K), 3 survivors (3072K)
 Metaspace       used 87982K, capacity 89822K, committed 89984K, reserved 1128448K
  class space    used 10897K, capacity 11531K, committed 11648K, reserved 1048576K
}
Event: 31.756 GC heap before
{Heap before GC invocations=46 (full 0):
 garbage-first heap   total 212992K, used 169984K [0x00000000c0000000, 0x0000000100000000)
  region size 1024K, 26 young (26624K), 3 survivors (3072K)
 Metaspace       used 88004K, capacity 89824K, committed 89984K, reserved 1128448K
  class space    used 10897K, capacity 11531K, committed 11648K, reserved 1048576K
}
Event: 31.764 GC heap after
{Heap after GC invocations=47 (full 0):
 garbage-first heap   total 212992K, used 148255K [0x00000000c0000000, 0x0000000100000000)
  region size 1024K, 2 young (2048K), 2 survivors (2048K)
 Metaspace       used 88004K, capacity 89824K, committed 89984K, reserved 1128448K
  class space    used 10897K, capacity 11531K, committed 11648K, reserved 1048576K
}
Event: 33.260 GC heap before
{Heap before GC invocations=48 (full 0):
 garbage-first heap   total 212992K, used 166687K [0x00000000c0000000, 0x0000000100000000)
  region size 1024K, 23 young (23552K), 2 survivors (2048K)
 Metaspace       used 89607K, capacity 91548K, committed 91648K, reserved 1128448K
  class space    used 11076K, capacity 11761K, committed 11776K, reserved 1048576K
}
Event: 33.267 GC heap after
{Heap after GC invocations=49 (full 0):
 garbage-first heap   total 212992K, used 140891K [0x00000000c0000000, 0x0000000100000000)
  region size 1024K, 1 young (1024K), 1 survivors (1024K)
 Metaspace       used 89607K, capacity 91548K, committed 91648K, reserved 1128448K
  class space    used 11076K, capacity 11761K, committed 11776K, reserved 1048576K
}
Event: 33.543 GC heap before
{Heap before GC invocations=49 (full 0):
 garbage-first heap   total 212992K, used 149083K [0x00000000c0000000, 0x0000000100000000)
  region size 1024K, 10 young (10240K), 1 survivors (1024K)
 Metaspace       used 90314K, capacity 92273K, committed 92544K, reserved 1130496K
  class space    used 11152K, capacity 11831K, committed 11904K, reserved 1048576K
}
Event: 33.552 GC heap after
{Heap after GC invocations=50 (full 0):
 garbage-first heap   total 212992K, used 139619K [0x00000000c0000000, 0x0000000100000000)
  region size 1024K, 2 young (2048K), 2 survivors (2048K)
 Metaspace       used 90314K, capacity 92273K, committed 92544K, reserved 1130496K
  class space    used 11152K, capacity 11831K, committed 11904K, reserved 1048576K
}
Event: 33.828 GC heap before
{Heap before GC invocations=50 (full 0):
 garbage-first heap   total 212992K, used 199011K [0x00000000c0000000, 0x0000000100000000)
  region size 1024K, 19 young (19456K), 2 survivors (2048K)
 Metaspace       used 90567K, capacity 92557K, committed 92800K, reserved 1130496K
  class space    used 11187K, capacity 11884K, committed 11904K, reserved 1048576K
}
Event: 33.832 GC heap after
{Heap after GC invocations=51 (full 0):
 garbage-first heap   total 212992K, used 154767K [0x00000000c0000000, 0x0000000100000000)
  region size 1024K, 2 young (2048K), 2 survivors (2048K)
 Metaspace       used 90567K, capacity 92557K, committed 92800K, reserved 1130496K
  class space    used 11187K, capacity 11884K, committed 11904K, reserved 1048576K
}

