# JRE version: OpenJDK Runtime Environment (11.0.13) (build 11.0.13+0-b1751.21-8125866)
# Java VM: OpenJDK 64-Bit Server VM (11.0.13+0-b1751.21-8125866, mixed mode, tiered, compressed oops, g1 gc, windows-amd64)
Heap:
 garbage-first heap   total 327680K, used 133285K [0x00000000c0000000, 0x0000000100000000)
  region size 1024K, 2 young (2048K), 2 survivors (2048K)
 Metaspace       used 86859K, capacity 88674K, committed 88832K, reserved 1126400K
  class space    used 10777K, capacity 11432K, committed 11520K, reserved 1048576K
GC Heap History (20 events):
Event: 22.888 GC heap after
{Heap after GC invocations=34 (full 0):
 garbage-first heap   total 131072K, used 81521K [0x00000000c0000000, 0x0000000100000000)
  region size 1024K, 2 young (2048K), 2 survivors (2048K)
 Metaspace       used 85377K, capacity 87214K, committed 87296K, reserved 1126400K
  class space    used 10563K, capacity 11204K, committed 11264K, reserved 1048576K
}
Event: 23.148 GC heap before
{Heap before GC invocations=34 (full 0):
 garbage-first heap   total 131072K, used 109169K [0x00000000c0000000, 0x0000000100000000)
  region size 1024K, 19 young (19456K), 2 survivors (2048K)
 Metaspace       used 85399K, capacity 87192K, committed 87296K, reserved 1126400K
  class space    used 10562K, capacity 11196K, committed 11264K, reserved 1048576K
}
Event: 23.167 GC heap after
{Heap after GC invocations=35 (full 0):
 garbage-first heap   total 131072K, used 95521K [0x00000000c0000000, 0x0000000100000000)
  region size 1024K, 3 young (3072K), 3 survivors (3072K)
 Metaspace       used 85399K, capacity 87192K, committed 87296K, reserved 1126400K
  class space    used 10562K, capacity 11196K, committed 11264K, reserved 1048576K
}
Event: 23.312 GC heap before
{Heap before GC invocations=36 (full 0):
 garbage-first heap   total 131072K, used 104737K [0x00000000c0000000, 0x0000000100000000)
  region size 1024K, 13 young (13312K), 3 survivors (3072K)
 Metaspace       used 86098K, capacity 87873K, committed 87936K, reserved 1126400K
  class space    used 10730K, capacity 11359K, committed 11392K, reserved 1048576K
}
Event: 23.332 GC heap after
{Heap after GC invocations=37 (full 0):
 garbage-first heap   total 131072K, used 99529K [0x00000000c0000000, 0x0000000100000000)
  region size 1024K, 2 young (2048K), 2 survivors (2048K)
 Metaspace       used 86098K, capacity 87873K, committed 87936K, reserved 1126400K
  class space    used 10730K, capacity 11359K, committed 11392K, reserved 1048576K
}
Event: 23.460 GC heap before
{Heap before GC invocations=37 (full 0):
 garbage-first heap   total 131072K, used 103625K [0x00000000c0000000, 0x0000000100000000)
  region size 1024K, 6 young (6144K), 2 survivors (2048K)
 Metaspace       used 86470K, capacity 88266K, committed 88576K, reserved 1126400K
  class space    used 10772K, capacity 11431K, committed 11520K, reserved 1048576K
}
Event: 23.473 GC heap after
{Heap after GC invocations=38 (full 0):
 garbage-first heap   total 131072K, used 101041K [0x00000000c0000000, 0x0000000100000000)
  region size 1024K, 1 young (1024K), 1 survivors (1024K)
 Metaspace       used 86470K, capacity 88266K, committed 88576K, reserved 1126400K
  class space    used 10772K, capacity 11431K, committed 11520K, reserved 1048576K
}
Event: 23.583 GC heap before
{Heap before GC invocations=38 (full 0):
 garbage-first heap   total 131072K, used 107185K [0x00000000c0000000, 0x0000000100000000)
  region size 1024K, 8 young (8192K), 1 survivors (1024K)
 Metaspace       used 86501K, capacity 88330K, committed 88576K, reserved 1126400K
  class space    used 10772K, capacity 11431K, committed 11520K, reserved 1048576K
}
Event: 23.595 GC heap after
{Heap after GC invocations=39 (full 0):
 garbage-first heap   total 131072K, used 105342K [0x00000000c0000000, 0x0000000100000000)
  region size 1024K, 1 young (1024K), 1 survivors (1024K)
 Metaspace       used 86501K, capacity 88330K, committed 88576K, reserved 1126400K
  class space    used 10772K, capacity 11431K, committed 11520K, reserved 1048576K
}
Event: 23.670 GC heap before
{Heap before GC invocations=39 (full 0):
 garbage-first heap   total 131072K, used 110462K [0x00000000c0000000, 0x0000000100000000)
  region size 1024K, 6 young (6144K), 1 survivors (1024K)
 Metaspace       used 86510K, capacity 88330K, committed 88576K, reserved 1126400K
  class space    used 10772K, capacity 11431K, committed 11520K, reserved 1048576K
}
Event: 23.679 GC heap after
{Heap after GC invocations=40 (full 0):
 garbage-first heap   total 131072K, used 108544K [0x00000000c0000000, 0x0000000100000000)
  region size 1024K, 1 young (1024K), 1 survivors (1024K)
 Metaspace       used 86510K, capacity 88330K, committed 88576K, reserved 1126400K
  class space    used 10772K, capacity 11431K, committed 11520K, reserved 1048576K
}
Event: 23.808 GC heap before
{Heap before GC invocations=40 (full 0):
 garbage-first heap   total 131072K, used 112640K [0x00000000c0000000, 0x0000000100000000)
  region size 1024K, 6 young (6144K), 1 survivors (1024K)
 Metaspace       used 86566K, capacity 88394K, committed 88576K, reserved 1126400K
  class space    used 10772K, capacity 11431K, committed 11520K, reserved 1048576K
}
Event: 23.821 GC heap after
{Heap after GC invocations=41 (full 0):
 garbage-first heap   total 163840K, used 111769K [0x00000000c0000000, 0x0000000100000000)
  region size 1024K, 1 young (1024K), 1 survivors (1024K)
 Metaspace       used 86566K, capacity 88394K, committed 88576K, reserved 1126400K
  class space    used 10772K, capacity 11431K, committed 11520K, reserved 1048576K
}
Event: 23.973 GC heap before
{Heap before GC invocations=41 (full 0):
 garbage-first heap   total 163840K, used 124057K [0x00000000c0000000, 0x0000000100000000)
  region size 1024K, 14 young (14336K), 1 survivors (1024K)
 Metaspace       used 86596K, capacity 88398K, committed 88576K, reserved 1126400K
  class space    used 10772K, capacity 11431K, committed 11520K, reserved 1048576K
}
Event: 23.994 GC heap after
{Heap after GC invocations=42 (full 0):
 garbage-first heap   total 163840K, used 119956K [0x00000000c0000000, 0x0000000100000000)
  region size 1024K, 2 young (2048K), 2 survivors (2048K)
 Metaspace       used 86596K, capacity 88398K, committed 88576K, reserved 1126400K
  class space    used 10772K, capacity 11431K, committed 11520K, reserved 1048576K
}
Event: 24.363 GC heap before
{Heap before GC invocations=43 (full 0):
 garbage-first heap   total 163840K, used 129172K [0x00000000c0000000, 0x0000000100000000)
  region size 1024K, 12 young (12288K), 2 survivors (2048K)
 Metaspace       used 86734K, capacity 88534K, committed 88832K, reserved 1126400K
  class space    used 10775K, capacity 11431K, committed 11520K, reserved 1048576K
}
Event: 24.393 GC heap after
{Heap after GC invocations=44 (full 0):
 garbage-first heap   total 163840K, used 125779K [0x00000000c0000000, 0x0000000100000000)
  region size 1024K, 2 young (2048K), 2 survivors (2048K)
 Metaspace       used 86734K, capacity 88534K, committed 88832K, reserved 1126400K
  class space    used 10775K, capacity 11431K, committed 11520K, reserved 1048576K
}
Event: 24.653 GC heap before
{Heap before GC invocations=44 (full 0):
 garbage-first heap   total 163840K, used 133971K [0x00000000c0000000, 0x0000000100000000)
  region size 1024K, 10 young (10240K), 2 survivors (2048K)
 Metaspace       used 86844K, capacity 88670K, committed 88832K, reserved 1126400K
  class space    used 10777K, capacity 11432K, committed 11520K, reserved 1048576K
}
Event: 24.671 GC heap after
{Heap after GC invocations=45 (full 0):
 garbage-first heap   total 163840K, used 129024K [0x00000000c0000000, 0x0000000100000000)
  region size 1024K, 2 young (2048K), 2 survivors (2048K)
 Metaspace       used 86844K, capacity 88670K, committed 88832K, reserved 1126400K
  class space    used 10777K, capacity 11432K, committed 11520K, reserved 1048576K
}
Event: 24.915 GC heap before
{Heap before GC invocations=45 (full 0):
 garbage-first heap   total 163840K, used 136192K [0x00000000c0000000, 0x0000000100000000)
  region size 1024K, 9 young (9216K), 2 survivors (2048K)
 Metaspace       used 86859K, capacity 88674K, committed 88832K, reserved 1126400K
  class space    used 10777K, capacity 11432K, committed 11520K, reserved 1048576K
}

